[debug] [2026-02-01T07:10:30.170Z] ----------------------------------------------------------------------
[debug] [2026-02-01T07:10:30.172Z] Command:       C:\Program Files\nodejs\node.exe C:\Users\abulh\AppData\Local\npm-cache\_npx\7750544ccf494d8b\node_modules\firebase-tools\lib\bin\firebase.js deploy
[debug] [2026-02-01T07:10:30.173Z] CLI Version:   15.5.1
[debug] [2026-02-01T07:10:30.173Z] Platform:      win32
[debug] [2026-02-01T07:10:30.173Z] Node Version:  v24.13.0
[debug] [2026-02-01T07:10:30.173Z] Time:          Sun Feb 01 2026 13:10:30 GMT+0600 (Bangladesh Standard Time)
[debug] [2026-02-01T07:10:30.173Z] ----------------------------------------------------------------------
[debug] 
[debug] [2026-02-01T07:10:31.851Z] > command requires scopes: ["email","openid","https://www.googleapis.com/auth/cloudplatformprojects.readonly","https://www.googleapis.com/auth/firebase","https://www.googleapis.com/auth/cloud-platform"]
[debug] [2026-02-01T07:10:31.852Z] > authorizing via signed-in user (mohammadabulhayatt@gmail.com)
[debug] [2026-02-01T07:10:31.852Z] [iam] checking project asm-internal-portal for permissions ["firebase.projects.get","firebasehosting.sites.update"]
[debug] [2026-02-01T07:10:31.853Z] Checked if tokens are valid: false, expires at: 1769930213849
[debug] [2026-02-01T07:10:31.853Z] Checked if tokens are valid: false, expires at: 1769930213849
[debug] [2026-02-01T07:10:31.854Z] > refreshing access token with scopes: []
[debug] [2026-02-01T07:10:31.855Z] >>> [apiv2][query] POST https://www.googleapis.com/oauth2/v3/token [none]
[debug] [2026-02-01T07:10:31.855Z] >>> [apiv2][body] POST https://www.googleapis.com/oauth2/v3/token [omitted]
[debug] [2026-02-01T07:10:32.136Z] <<< [apiv2][status] POST https://www.googleapis.com/oauth2/v3/token 200
[debug] [2026-02-01T07:10:32.137Z] <<< [apiv2][body] POST https://www.googleapis.com/oauth2/v3/token [omitted]
[debug] [2026-02-01T07:10:32.144Z] >>> [apiv2][query] POST https://cloudresourcemanager.googleapis.com/v1/projects/asm-internal-portal:testIamPermissions [none]
[debug] [2026-02-01T07:10:32.144Z] >>> [apiv2][(partial)header] POST https://cloudresourcemanager.googleapis.com/v1/projects/asm-internal-portal:testIamPermissions  x-goog-user-project=asm-internal-portal
[debug] [2026-02-01T07:10:32.144Z] >>> [apiv2][body] POST https://cloudresourcemanager.googleapis.com/v1/projects/asm-internal-portal:testIamPermissions {"permissions":["firebase.projects.get","firebasehosting.sites.update"]}
[debug] [2026-02-01T07:10:33.529Z] <<< [apiv2][status] POST https://cloudresourcemanager.googleapis.com/v1/projects/asm-internal-portal:testIamPermissions 200
[debug] [2026-02-01T07:10:33.529Z] <<< [apiv2][body] POST https://cloudresourcemanager.googleapis.com/v1/projects/asm-internal-portal:testIamPermissions {"permissions":["firebase.projects.get","firebasehosting.sites.update"]}
[debug] [2026-02-01T07:10:33.530Z] Checked if tokens are valid: true, expires at: 1769933431137
[debug] [2026-02-01T07:10:33.530Z] Checked if tokens are valid: true, expires at: 1769933431137
[debug] [2026-02-01T07:10:33.530Z] >>> [apiv2][query] GET https://firebase.googleapis.com/v1beta1/projects/asm-internal-portal [none]
[debug] [2026-02-01T07:10:34.103Z] <<< [apiv2][status] GET https://firebase.googleapis.com/v1beta1/projects/asm-internal-portal 200
[debug] [2026-02-01T07:10:34.103Z] <<< [apiv2][body] GET https://firebase.googleapis.com/v1beta1/projects/asm-internal-portal {"projectId":"asm-internal-portal","projectNumber":"253543686741","displayName":"asm-internal-portal","name":"projects/asm-internal-portal","resources":{"hostingSite":"asm-internal-portal"},"state":"ACTIVE","etag":"1_381f4fa7-321e-47eb-beea-9a7aa1c4eb3b"}
[debug] [2026-02-01T07:10:36.198Z] defaultcredentials: writing to file C:\Users\abulh\AppData\Roaming\firebase\mohammadabulhayatt_gmail_com_application_default_credentials.json
[debug] [2026-02-01T07:10:36.199Z] Checked if tokens are valid: true, expires at: 1769933431137
[debug] [2026-02-01T07:10:36.199Z] Checked if tokens are valid: true, expires at: 1769933431137
[debug] [2026-02-01T07:10:36.199Z] >>> [apiv2][query] GET https://firebasehosting.googleapis.com/v1beta1/projects/asm-internal-portal/sites pageToken=&pageSize=10
[debug] [2026-02-01T07:10:38.009Z] <<< [apiv2][status] GET https://firebasehosting.googleapis.com/v1beta1/projects/asm-internal-portal/sites 200
[debug] [2026-02-01T07:10:38.010Z] <<< [apiv2][body] GET https://firebasehosting.googleapis.com/v1beta1/projects/asm-internal-portal/sites {"sites":[{"name":"projects/asm-internal-portal/sites/asm-internal-portal","defaultUrl":"https://asm-internal-portal.web.app","type":"DEFAULT_SITE"}]}
[debug] [2026-02-01T07:10:38.010Z] Checked if tokens are valid: true, expires at: 1769933431137
[debug] [2026-02-01T07:10:38.010Z] Checked if tokens are valid: true, expires at: 1769933431137
[debug] [2026-02-01T07:10:38.010Z] >>> [apiv2][query] GET https://firebasehosting.googleapis.com/v1beta1/projects/asm-internal-portal/sites 
[debug] [2026-02-01T07:10:38.409Z] <<< [apiv2][status] GET https://firebasehosting.googleapis.com/v1beta1/projects/asm-internal-portal/sites 200
[debug] [2026-02-01T07:10:38.409Z] <<< [apiv2][body] GET https://firebasehosting.googleapis.com/v1beta1/projects/asm-internal-portal/sites {"sites":[{"name":"projects/asm-internal-portal/sites/asm-internal-portal","defaultUrl":"https://asm-internal-portal.web.app","type":"DEFAULT_SITE"}]}
[debug] [2026-02-01T07:10:38.410Z] Checked if tokens are valid: true, expires at: 1769933431137
[debug] [2026-02-01T07:10:38.410Z] Checked if tokens are valid: true, expires at: 1769933431137
[debug] [2026-02-01T07:10:38.410Z] >>> [apiv2][query] GET https://firebase.googleapis.com/v1beta1/projects/asm-internal-portal/webApps/-/config [none]
[debug] [2026-02-01T07:10:39.471Z] <<< [apiv2][status] GET https://firebase.googleapis.com/v1beta1/projects/asm-internal-portal/webApps/-/config 200
[debug] [2026-02-01T07:10:39.471Z] <<< [apiv2][body] GET https://firebase.googleapis.com/v1beta1/projects/asm-internal-portal/webApps/-/config {"projectId":"asm-internal-portal","appId":"1:253543686741:web:0604832775239c8460eadc","storageBucket":"asm-internal-portal.firebasestorage.app","apiKey":"AIzaSyAWmgQdsj_qXBEuuTslVDgsY_fqLuDgPrU","authDomain":"asm-internal-portal.firebaseapp.com","messagingSenderId":"253543686741","measurementId":"G-BFL39S6JRZ","projectNumber":"253543686741","version":"2"}
[info] 
   Thank you for trying our early preview of Next.js support on Firebase Hosting.
   During the preview, support is best-effort and breaking changes can be expected. Proceed with caution.
   The integration is known to work with Next.js version 12 - 15.0. You may encounter errors.

   Documentation: https://firebase.google.com/docs/hosting/frameworks/nextjs
   File a bug: https://github.com/firebase/firebase-tools/issues/new?template=bug_report.md
   Submit a feature request: https://github.com/firebase/firebase-tools/issues/new?template=feature_request.md

   We'd love to learn from you. Express your interest in helping us shape the future of Firebase Hosting: https://goo.gle/41enW5X

[debug] [2026-02-01T07:10:44.374Z] Checked if tokens are valid: true, expires at: 1769933431137
[debug] [2026-02-01T07:10:44.374Z] Checked if tokens are valid: true, expires at: 1769933431137
[debug] [2026-02-01T07:10:44.374Z] >>> [apiv2][query] GET https://firebasehosting.googleapis.com/v1beta1/projects/asm-internal-portal/sites/asm-internal-portal [none]
[debug] [2026-02-01T07:10:46.005Z] <<< [apiv2][status] GET https://firebasehosting.googleapis.com/v1beta1/projects/asm-internal-portal/sites/asm-internal-portal 200
[debug] [2026-02-01T07:10:46.006Z] <<< [apiv2][body] GET https://firebasehosting.googleapis.com/v1beta1/projects/asm-internal-portal/sites/asm-internal-portal {"name":"projects/asm-internal-portal/sites/asm-internal-portal","defaultUrl":"https://asm-internal-portal.web.app","type":"DEFAULT_SITE"}
[info] ▲ Next.js 16.1.4 (Turbopack)

[info] - Environments: .env.local


[info]   Creating an optimized production build ...

[info] ✓ Compiled successfully in 3.7s

[info]   Running TypeScript ...

[info] Failed to compile.


[info] ./src/app/api/batch-stats/route.ts:83:41
Type error: Property '_rawData' is private and only accessible within class 'GoogleSpreadsheetRow<T>'.

  81 |                 for (const row of rows) {
  82 |                     const subjectsInThisDay: Record<string, boolean> = {};
> 83 |                     const rowData = row._rawData;
     |                                         ^
  84 |
  85 |                     // Loop from Column C (Index 2).
  86 |                     for (let j = 2; j < rowData.length; j++) {

[info] Next.js build worker exited with code: 1 and signal: null

[debug] [2026-02-01T07:10:56.565Z] Error: ENOENT: no such file or directory, open 'D:\Antigravity\Antigravity ASM\asm-internal-portal\.next\export-marker.json'
[error] 
[error] Error: An unexpected error has occurred.
